{"C:\\Users\\heiko\\OneDrive\\Documents\\CODE\\Epic Publish\\epic publish backend\\webAPIGateway\\routers\\marketplace.js": {"path":"C:\\Users\\heiko\\OneDrive\\Documents\\CODE\\Epic Publish\\epic publish backend\\webAPIGateway\\routers\\marketplace.js","statementMap":{"0":{"start":{"line":1,"column":16},"end":{"line":1,"column":34}},"1":{"start":{"line":2,"column":13},"end":{"line":2,"column":28}},"2":{"start":{"line":4,"column":0},"end":{"line":4,"column":34}},"3":{"start":{"line":5,"column":13},"end":{"line":5,"column":42}},"4":{"start":{"line":6,"column":20},"end":{"line":6,"column":80}},"5":{"start":{"line":8,"column":15},"end":{"line":8,"column":35}},"6":{"start":{"line":11,"column":0},"end":{"line":19,"column":3}},"7":{"start":{"line":12,"column":4},"end":{"line":18,"column":7}},"8":{"start":{"line":13,"column":8},"end":{"line":17,"column":9}},"9":{"start":{"line":14,"column":12},"end":{"line":14,"column":39}},"10":{"start":{"line":16,"column":12},"end":{"line":16,"column":50}},"11":{"start":{"line":21,"column":0},"end":{"line":31,"column":2}},"12":{"start":{"line":23,"column":4},"end":{"line":29,"column":7}},"13":{"start":{"line":24,"column":8},"end":{"line":28,"column":9}},"14":{"start":{"line":25,"column":12},"end":{"line":25,"column":39}},"15":{"start":{"line":27,"column":12},"end":{"line":27,"column":51}},"16":{"start":{"line":33,"column":0},"end":{"line":41,"column":2}},"17":{"start":{"line":34,"column":4},"end":{"line":40,"column":6}},"18":{"start":{"line":35,"column":8},"end":{"line":39,"column":9}},"19":{"start":{"line":36,"column":12},"end":{"line":36,"column":39}},"20":{"start":{"line":38,"column":12},"end":{"line":38,"column":39}},"21":{"start":{"line":43,"column":0},"end":{"line":51,"column":2}},"22":{"start":{"line":44,"column":4},"end":{"line":50,"column":6}},"23":{"start":{"line":45,"column":8},"end":{"line":49,"column":9}},"24":{"start":{"line":46,"column":12},"end":{"line":46,"column":39}},"25":{"start":{"line":48,"column":12},"end":{"line":48,"column":39}},"26":{"start":{"line":53,"column":0},"end":{"line":61,"column":2}},"27":{"start":{"line":54,"column":4},"end":{"line":60,"column":7}},"28":{"start":{"line":55,"column":8},"end":{"line":59,"column":9}},"29":{"start":{"line":56,"column":12},"end":{"line":56,"column":39}},"30":{"start":{"line":58,"column":12},"end":{"line":58,"column":50}},"31":{"start":{"line":63,"column":0},"end":{"line":71,"column":2}},"32":{"start":{"line":64,"column":4},"end":{"line":70,"column":7}},"33":{"start":{"line":65,"column":8},"end":{"line":69,"column":9}},"34":{"start":{"line":66,"column":12},"end":{"line":66,"column":39}},"35":{"start":{"line":68,"column":12},"end":{"line":68,"column":50}},"36":{"start":{"line":95,"column":29},"end":{"line":98,"column":2}},"37":{"start":{"line":100,"column":0},"end":{"line":100,"column":23}}},"fnMap":{"0":{"name":"(anonymous_0)","decl":{"start":{"line":11,"column":35},"end":{"line":11,"column":36}},"loc":{"start":{"line":11,"column":60},"end":{"line":19,"column":1}},"line":11},"1":{"name":"(anonymous_1)","decl":{"start":{"line":12,"column":91},"end":{"line":12,"column":92}},"loc":{"start":{"line":12,"column":113},"end":{"line":18,"column":5}},"line":12},"2":{"name":"(anonymous_2)","decl":{"start":{"line":21,"column":37},"end":{"line":21,"column":38}},"loc":{"start":{"line":21,"column":62},"end":{"line":31,"column":1}},"line":21},"3":{"name":"(anonymous_3)","decl":{"start":{"line":23,"column":73},"end":{"line":23,"column":74}},"loc":{"start":{"line":23,"column":96},"end":{"line":29,"column":5}},"line":23},"4":{"name":"(anonymous_4)","decl":{"start":{"line":33,"column":44},"end":{"line":33,"column":45}},"loc":{"start":{"line":33,"column":69},"end":{"line":41,"column":1}},"line":33},"5":{"name":"(anonymous_5)","decl":{"start":{"line":34,"column":111},"end":{"line":34,"column":112}},"loc":{"start":{"line":34,"column":125},"end":{"line":40,"column":5}},"line":34},"6":{"name":"(anonymous_6)","decl":{"start":{"line":43,"column":40},"end":{"line":43,"column":41}},"loc":{"start":{"line":43,"column":65},"end":{"line":51,"column":1}},"line":43},"7":{"name":"(anonymous_7)","decl":{"start":{"line":44,"column":82},"end":{"line":44,"column":83}},"loc":{"start":{"line":44,"column":96},"end":{"line":50,"column":5}},"line":44},"8":{"name":"(anonymous_8)","decl":{"start":{"line":53,"column":41},"end":{"line":53,"column":42}},"loc":{"start":{"line":53,"column":66},"end":{"line":61,"column":1}},"line":53},"9":{"name":"(anonymous_9)","decl":{"start":{"line":54,"column":102},"end":{"line":54,"column":103}},"loc":{"start":{"line":54,"column":124},"end":{"line":60,"column":5}},"line":54},"10":{"name":"(anonymous_10)","decl":{"start":{"line":63,"column":42},"end":{"line":63,"column":43}},"loc":{"start":{"line":63,"column":67},"end":{"line":71,"column":1}},"line":63},"11":{"name":"(anonymous_11)","decl":{"start":{"line":64,"column":121},"end":{"line":64,"column":122}},"loc":{"start":{"line":64,"column":143},"end":{"line":70,"column":5}},"line":64}},"branchMap":{"0":{"loc":{"start":{"line":13,"column":8},"end":{"line":17,"column":9}},"type":"if","locations":[{"start":{"line":13,"column":8},"end":{"line":17,"column":9}},{"start":{"line":13,"column":8},"end":{"line":17,"column":9}}],"line":13},"1":{"loc":{"start":{"line":24,"column":8},"end":{"line":28,"column":9}},"type":"if","locations":[{"start":{"line":24,"column":8},"end":{"line":28,"column":9}},{"start":{"line":24,"column":8},"end":{"line":28,"column":9}}],"line":24},"2":{"loc":{"start":{"line":35,"column":8},"end":{"line":39,"column":9}},"type":"if","locations":[{"start":{"line":35,"column":8},"end":{"line":39,"column":9}},{"start":{"line":35,"column":8},"end":{"line":39,"column":9}}],"line":35},"3":{"loc":{"start":{"line":45,"column":8},"end":{"line":49,"column":9}},"type":"if","locations":[{"start":{"line":45,"column":8},"end":{"line":49,"column":9}},{"start":{"line":45,"column":8},"end":{"line":49,"column":9}}],"line":45},"4":{"loc":{"start":{"line":55,"column":8},"end":{"line":59,"column":9}},"type":"if","locations":[{"start":{"line":55,"column":8},"end":{"line":59,"column":9}},{"start":{"line":55,"column":8},"end":{"line":59,"column":9}}],"line":55},"5":{"loc":{"start":{"line":65,"column":8},"end":{"line":69,"column":9}},"type":"if","locations":[{"start":{"line":65,"column":8},"end":{"line":69,"column":9}},{"start":{"line":65,"column":8},"end":{"line":69,"column":9}}],"line":65}},"s":{"0":3,"1":3,"2":3,"3":3,"4":3,"5":3,"6":3,"7":1,"8":1,"9":0,"10":1,"11":3,"12":1,"13":1,"14":0,"15":1,"16":3,"17":1,"18":1,"19":0,"20":1,"21":3,"22":1,"23":1,"24":0,"25":1,"26":3,"27":1,"28":1,"29":0,"30":1,"31":3,"32":1,"33":1,"34":0,"35":1,"36":3,"37":3},"f":{"0":1,"1":1,"2":1,"3":1,"4":1,"5":1,"6":1,"7":1,"8":1,"9":1,"10":1,"11":1},"b":{"0":[0,1],"1":[0,1],"2":[0,1],"3":[0,1],"4":[0,1],"5":[0,1]},"_coverageSchema":"1a1c01bbd47fc00a2c39e90264f33305004495a9","hash":"466808291ae77cab98695e2853225b293606ad1a"}
}
