{"C:\\Users\\heiko\\OneDrive\\Documents\\CODE\\Epic Publish\\epic publish backend\\webAPIGateway\\middelware\\auth.js": {"path":"C:\\Users\\heiko\\OneDrive\\Documents\\CODE\\Epic Publish\\epic publish backend\\webAPIGateway\\middelware\\auth.js","statementMap":{"0":{"start":{"line":1,"column":12},"end":{"line":1,"column":35}},"1":{"start":{"line":2,"column":17},"end":{"line":2,"column":36}},"2":{"start":{"line":3,"column":13},"end":{"line":3,"column":69}},"3":{"start":{"line":5,"column":12},"end":{"line":5,"column":35}},"4":{"start":{"line":6,"column":13},"end":{"line":6,"column":28}},"5":{"start":{"line":16,"column":13},"end":{"line":78,"column":1}},"6":{"start":{"line":17,"column":4},"end":{"line":77,"column":5}},"7":{"start":{"line":19,"column":22},"end":{"line":19,"column":39}},"8":{"start":{"line":20,"column":24},"end":{"line":20,"column":65}},"9":{"start":{"line":22,"column":21},"end":{"line":22,"column":60}},"10":{"start":{"line":31,"column":8},"end":{"line":52,"column":10}},"11":{"start":{"line":32,"column":12},"end":{"line":34,"column":13}},"12":{"start":{"line":33,"column":16},"end":{"line":33,"column":38}},"13":{"start":{"line":48,"column":12},"end":{"line":48,"column":26}},"14":{"start":{"line":55,"column":25},"end":{"line":71,"column":9}},"15":{"start":{"line":57,"column":12},"end":{"line":70,"column":13}},"16":{"start":{"line":59,"column":16},"end":{"line":59,"column":61}},"17":{"start":{"line":61,"column":17},"end":{"line":70,"column":13}},"18":{"start":{"line":63,"column":16},"end":{"line":63,"column":61}},"19":{"start":{"line":66,"column":16},"end":{"line":66,"column":33}},"20":{"start":{"line":67,"column":16},"end":{"line":67,"column":40}},"21":{"start":{"line":68,"column":16},"end":{"line":68,"column":31}},"22":{"start":{"line":69,"column":16},"end":{"line":69,"column":22}},"23":{"start":{"line":75,"column":8},"end":{"line":75,"column":24}},"24":{"start":{"line":76,"column":8},"end":{"line":76,"column":53}},"25":{"start":{"line":81,"column":26},"end":{"line":84,"column":2}},"26":{"start":{"line":87,"column":0},"end":{"line":87,"column":21}}},"fnMap":{"0":{"name":"(anonymous_0)","decl":{"start":{"line":16,"column":13},"end":{"line":16,"column":14}},"loc":{"start":{"line":16,"column":39},"end":{"line":78,"column":1}},"line":16},"1":{"name":"(anonymous_1)","decl":{"start":{"line":31,"column":55},"end":{"line":31,"column":56}},"loc":{"start":{"line":31,"column":70},"end":{"line":52,"column":9}},"line":31},"2":{"name":"(anonymous_2)","decl":{"start":{"line":55,"column":25},"end":{"line":55,"column":26}},"loc":{"start":{"line":55,"column":40},"end":{"line":71,"column":9}},"line":55}},"branchMap":{"0":{"loc":{"start":{"line":32,"column":12},"end":{"line":34,"column":13}},"type":"if","locations":[{"start":{"line":32,"column":12},"end":{"line":34,"column":13}},{"start":{"line":32,"column":12},"end":{"line":34,"column":13}}],"line":32},"1":{"loc":{"start":{"line":57,"column":12},"end":{"line":70,"column":13}},"type":"if","locations":[{"start":{"line":57,"column":12},"end":{"line":70,"column":13}},{"start":{"line":57,"column":12},"end":{"line":70,"column":13}}],"line":57},"2":{"loc":{"start":{"line":61,"column":17},"end":{"line":70,"column":13}},"type":"if","locations":[{"start":{"line":61,"column":17},"end":{"line":70,"column":13}},{"start":{"line":61,"column":17},"end":{"line":70,"column":13}}],"line":61}},"s":{"0":1,"1":1,"2":1,"3":1,"4":1,"5":1,"6":1,"7":1,"8":1,"9":1,"10":1,"11":1,"12":0,"13":1,"14":1,"15":1,"16":0,"17":1,"18":0,"19":1,"20":1,"21":1,"22":1,"23":0,"24":0,"25":1,"26":1},"f":{"0":1,"1":1,"2":1},"b":{"0":[0,1],"1":[0,1],"2":[0,1]},"_coverageSchema":"1a1c01bbd47fc00a2c39e90264f33305004495a9","hash":"d00f1c220d4e038c8d341142b0afb831f6cffa0a"}
,"C:\\Users\\heiko\\OneDrive\\Documents\\CODE\\Epic Publish\\epic publish backend\\webAPIGateway\\routers\\ad.js": {"path":"C:\\Users\\heiko\\OneDrive\\Documents\\CODE\\Epic Publish\\epic publish backend\\webAPIGateway\\routers\\ad.js","statementMap":{"0":{"start":{"line":1,"column":16},"end":{"line":1,"column":34}},"1":{"start":{"line":2,"column":13},"end":{"line":2,"column":28}},"2":{"start":{"line":3,"column":15},"end":{"line":3,"column":32}},"3":{"start":{"line":4,"column":19},"end":{"line":4,"column":43}},"4":{"start":{"line":5,"column":20},"end":{"line":5,"column":42}},"5":{"start":{"line":7,"column":0},"end":{"line":7,"column":34}},"6":{"start":{"line":8,"column":13},"end":{"line":8,"column":42}},"7":{"start":{"line":9,"column":12},"end":{"line":9,"column":54}},"8":{"start":{"line":11,"column":15},"end":{"line":11,"column":35}},"9":{"start":{"line":16,"column":0},"end":{"line":26,"column":2}},"10":{"start":{"line":18,"column":4},"end":{"line":24,"column":7}},"11":{"start":{"line":19,"column":8},"end":{"line":23,"column":9}},"12":{"start":{"line":20,"column":12},"end":{"line":20,"column":67}},"13":{"start":{"line":22,"column":12},"end":{"line":22,"column":30}},"14":{"start":{"line":29,"column":15},"end":{"line":29,"column":23}},"15":{"start":{"line":31,"column":19},"end":{"line":47,"column":3}},"16":{"start":{"line":32,"column":4},"end":{"line":46,"column":7}},"17":{"start":{"line":33,"column":19},"end":{"line":44,"column":7}},"18":{"start":{"line":38,"column":10},"end":{"line":42,"column":11}},"19":{"start":{"line":39,"column":12},"end":{"line":39,"column":28}},"20":{"start":{"line":41,"column":12},"end":{"line":41,"column":26}},"21":{"start":{"line":45,"column":6},"end":{"line":45,"column":56}},"22":{"start":{"line":51,"column":0},"end":{"line":77,"column":2}},"23":{"start":{"line":52,"column":23},"end":{"line":52,"column":54}},"24":{"start":{"line":55,"column":20},"end":{"line":55,"column":22}},"25":{"start":{"line":56,"column":17},"end":{"line":56,"column":19}},"26":{"start":{"line":58,"column":4},"end":{"line":67,"column":5}},"27":{"start":{"line":59,"column":8},"end":{"line":64,"column":9}},"28":{"start":{"line":60,"column":12},"end":{"line":63,"column":13}},"29":{"start":{"line":60,"column":24},"end":{"line":60,"column":25}},"30":{"start":{"line":61,"column":16},"end":{"line":61,"column":65}},"31":{"start":{"line":62,"column":16},"end":{"line":62,"column":38}},"32":{"start":{"line":66,"column":8},"end":{"line":66,"column":26}},"33":{"start":{"line":70,"column":4},"end":{"line":76,"column":7}},"34":{"start":{"line":71,"column":8},"end":{"line":75,"column":9}},"35":{"start":{"line":72,"column":12},"end":{"line":72,"column":39}},"36":{"start":{"line":74,"column":12},"end":{"line":74,"column":39}},"37":{"start":{"line":91,"column":0},"end":{"line":99,"column":2}},"38":{"start":{"line":92,"column":4},"end":{"line":98,"column":6}},"39":{"start":{"line":93,"column":8},"end":{"line":97,"column":9}},"40":{"start":{"line":94,"column":12},"end":{"line":94,"column":39}},"41":{"start":{"line":96,"column":12},"end":{"line":96,"column":39}},"42":{"start":{"line":101,"column":0},"end":{"line":109,"column":2}},"43":{"start":{"line":102,"column":4},"end":{"line":108,"column":6}},"44":{"start":{"line":103,"column":8},"end":{"line":107,"column":9}},"45":{"start":{"line":104,"column":12},"end":{"line":104,"column":39}},"46":{"start":{"line":106,"column":12},"end":{"line":106,"column":39}},"47":{"start":{"line":111,"column":0},"end":{"line":119,"column":2}},"48":{"start":{"line":112,"column":4},"end":{"line":118,"column":7}},"49":{"start":{"line":113,"column":8},"end":{"line":117,"column":9}},"50":{"start":{"line":114,"column":12},"end":{"line":114,"column":39}},"51":{"start":{"line":116,"column":12},"end":{"line":116,"column":41}},"52":{"start":{"line":121,"column":0},"end":{"line":129,"column":2}},"53":{"start":{"line":122,"column":4},"end":{"line":128,"column":7}},"54":{"start":{"line":123,"column":8},"end":{"line":127,"column":9}},"55":{"start":{"line":124,"column":12},"end":{"line":124,"column":39}},"56":{"start":{"line":126,"column":12},"end":{"line":126,"column":41}},"57":{"start":{"line":132,"column":27},"end":{"line":135,"column":2}},"58":{"start":{"line":137,"column":0},"end":{"line":137,"column":23}}},"fnMap":{"0":{"name":"(anonymous_0)","decl":{"start":{"line":16,"column":28},"end":{"line":16,"column":29}},"loc":{"start":{"line":16,"column":53},"end":{"line":26,"column":1}},"line":16},"1":{"name":"(anonymous_1)","decl":{"start":{"line":18,"column":66},"end":{"line":18,"column":67}},"loc":{"start":{"line":18,"column":80},"end":{"line":24,"column":5}},"line":18},"2":{"name":"(anonymous_2)","decl":{"start":{"line":31,"column":19},"end":{"line":31,"column":20}},"loc":{"start":{"line":31,"column":31},"end":{"line":47,"column":3}},"line":31},"3":{"name":"(anonymous_3)","decl":{"start":{"line":32,"column":23},"end":{"line":32,"column":24}},"loc":{"start":{"line":32,"column":44},"end":{"line":46,"column":5}},"line":32},"4":{"name":"(anonymous_4)","decl":{"start":{"line":37,"column":8},"end":{"line":37,"column":9}},"loc":{"start":{"line":37,"column":27},"end":{"line":43,"column":9}},"line":37},"5":{"name":"(anonymous_5)","decl":{"start":{"line":51,"column":54},"end":{"line":51,"column":55}},"loc":{"start":{"line":51,"column":79},"end":{"line":77,"column":1}},"line":51},"6":{"name":"(anonymous_6)","decl":{"start":{"line":70,"column":107},"end":{"line":70,"column":108}},"loc":{"start":{"line":70,"column":121},"end":{"line":76,"column":5}},"line":70},"7":{"name":"(anonymous_7)","decl":{"start":{"line":91,"column":31},"end":{"line":91,"column":32}},"loc":{"start":{"line":91,"column":56},"end":{"line":99,"column":1}},"line":91},"8":{"name":"(anonymous_8)","decl":{"start":{"line":92,"column":69},"end":{"line":92,"column":70}},"loc":{"start":{"line":92,"column":83},"end":{"line":98,"column":5}},"line":92},"9":{"name":"(anonymous_9)","decl":{"start":{"line":101,"column":35},"end":{"line":101,"column":36}},"loc":{"start":{"line":101,"column":60},"end":{"line":109,"column":1}},"line":101},"10":{"name":"(anonymous_10)","decl":{"start":{"line":102,"column":89},"end":{"line":102,"column":90}},"loc":{"start":{"line":102,"column":103},"end":{"line":108,"column":5}},"line":102},"11":{"name":"(anonymous_11)","decl":{"start":{"line":111,"column":32},"end":{"line":111,"column":33}},"loc":{"start":{"line":111,"column":57},"end":{"line":119,"column":1}},"line":111},"12":{"name":"(anonymous_12)","decl":{"start":{"line":112,"column":86},"end":{"line":112,"column":87}},"loc":{"start":{"line":112,"column":99},"end":{"line":118,"column":5}},"line":112},"13":{"name":"(anonymous_13)","decl":{"start":{"line":121,"column":34},"end":{"line":121,"column":35}},"loc":{"start":{"line":121,"column":59},"end":{"line":129,"column":1}},"line":121},"14":{"name":"(anonymous_14)","decl":{"start":{"line":122,"column":105},"end":{"line":122,"column":106}},"loc":{"start":{"line":122,"column":118},"end":{"line":128,"column":5}},"line":122}},"branchMap":{"0":{"loc":{"start":{"line":19,"column":8},"end":{"line":23,"column":9}},"type":"if","locations":[{"start":{"line":19,"column":8},"end":{"line":23,"column":9}},{"start":{"line":19,"column":8},"end":{"line":23,"column":9}}],"line":19},"1":{"loc":{"start":{"line":38,"column":10},"end":{"line":42,"column":11}},"type":"if","locations":[{"start":{"line":38,"column":10},"end":{"line":42,"column":11}},{"start":{"line":38,"column":10},"end":{"line":42,"column":11}}],"line":38},"2":{"loc":{"start":{"line":59,"column":8},"end":{"line":64,"column":9}},"type":"if","locations":[{"start":{"line":59,"column":8},"end":{"line":64,"column":9}},{"start":{"line":59,"column":8},"end":{"line":64,"column":9}}],"line":59},"3":{"loc":{"start":{"line":71,"column":8},"end":{"line":75,"column":9}},"type":"if","locations":[{"start":{"line":71,"column":8},"end":{"line":75,"column":9}},{"start":{"line":71,"column":8},"end":{"line":75,"column":9}}],"line":71},"4":{"loc":{"start":{"line":93,"column":8},"end":{"line":97,"column":9}},"type":"if","locations":[{"start":{"line":93,"column":8},"end":{"line":97,"column":9}},{"start":{"line":93,"column":8},"end":{"line":97,"column":9}}],"line":93},"5":{"loc":{"start":{"line":103,"column":8},"end":{"line":107,"column":9}},"type":"if","locations":[{"start":{"line":103,"column":8},"end":{"line":107,"column":9}},{"start":{"line":103,"column":8},"end":{"line":107,"column":9}}],"line":103},"6":{"loc":{"start":{"line":113,"column":8},"end":{"line":117,"column":9}},"type":"if","locations":[{"start":{"line":113,"column":8},"end":{"line":117,"column":9}},{"start":{"line":113,"column":8},"end":{"line":117,"column":9}}],"line":113},"7":{"loc":{"start":{"line":123,"column":8},"end":{"line":127,"column":9}},"type":"if","locations":[{"start":{"line":123,"column":8},"end":{"line":127,"column":9}},{"start":{"line":123,"column":8},"end":{"line":127,"column":9}}],"line":123}},"s":{"0":1,"1":1,"2":1,"3":1,"4":1,"5":1,"6":1,"7":1,"8":1,"9":1,"10":0,"11":0,"12":0,"13":0,"14":1,"15":1,"16":0,"17":0,"18":0,"19":0,"20":0,"21":0,"22":1,"23":0,"24":0,"25":0,"26":0,"27":0,"28":0,"29":0,"30":0,"31":0,"32":0,"33":0,"34":0,"35":0,"36":0,"37":1,"38":0,"39":0,"40":0,"41":0,"42":1,"43":0,"44":0,"45":0,"46":0,"47":1,"48":1,"49":1,"50":0,"51":1,"52":1,"53":0,"54":0,"55":0,"56":0,"57":1,"58":1},"f":{"0":0,"1":0,"2":0,"3":0,"4":0,"5":0,"6":0,"7":0,"8":0,"9":0,"10":0,"11":1,"12":1,"13":0,"14":0},"b":{"0":[0,0],"1":[0,0],"2":[0,0],"3":[0,0],"4":[0,0],"5":[0,0],"6":[0,1],"7":[0,0]},"_coverageSchema":"1a1c01bbd47fc00a2c39e90264f33305004495a9","hash":"aa469a55b46c8dffb6e3dc9198f0ba10adb03336"}
,"C:\\Users\\heiko\\OneDrive\\Documents\\CODE\\Epic Publish\\epic publish backend\\webAPIGateway\\routers\\user.js": {"path":"C:\\Users\\heiko\\OneDrive\\Documents\\CODE\\Epic Publish\\epic publish backend\\webAPIGateway\\routers\\user.js","statementMap":{"0":{"start":{"line":1,"column":16},"end":{"line":1,"column":34}},"1":{"start":{"line":2,"column":13},"end":{"line":2,"column":28}},"2":{"start":{"line":4,"column":13},"end":{"line":4,"column":42}},"3":{"start":{"line":5,"column":0},"end":{"line":5,"column":34}},"4":{"start":{"line":8,"column":15},"end":{"line":8,"column":35}},"5":{"start":{"line":12,"column":0},"end":{"line":23,"column":2}},"6":{"start":{"line":14,"column":4},"end":{"line":21,"column":7}},"7":{"start":{"line":15,"column":8},"end":{"line":20,"column":9}},"8":{"start":{"line":16,"column":12},"end":{"line":16,"column":40}},"9":{"start":{"line":18,"column":12},"end":{"line":18,"column":44}},"10":{"start":{"line":19,"column":12},"end":{"line":19,"column":39}},"11":{"start":{"line":25,"column":0},"end":{"line":35,"column":3}},"12":{"start":{"line":26,"column":4},"end":{"line":34,"column":6}},"13":{"start":{"line":27,"column":8},"end":{"line":32,"column":9}},"14":{"start":{"line":28,"column":12},"end":{"line":28,"column":40}},"15":{"start":{"line":30,"column":12},"end":{"line":30,"column":44}},"16":{"start":{"line":31,"column":12},"end":{"line":31,"column":39}},"17":{"start":{"line":37,"column":0},"end":{"line":42,"column":3}},"18":{"start":{"line":38,"column":4},"end":{"line":41,"column":6}},"19":{"start":{"line":39,"column":8},"end":{"line":39,"column":33}},"20":{"start":{"line":40,"column":8},"end":{"line":40,"column":19}},"21":{"start":{"line":44,"column":0},"end":{"line":52,"column":2}},"22":{"start":{"line":45,"column":4},"end":{"line":51,"column":6}},"23":{"start":{"line":46,"column":8},"end":{"line":50,"column":9}},"24":{"start":{"line":47,"column":12},"end":{"line":47,"column":34}},"25":{"start":{"line":49,"column":12},"end":{"line":49,"column":34}},"26":{"start":{"line":54,"column":0},"end":{"line":66,"column":2}},"27":{"start":{"line":59,"column":4},"end":{"line":65,"column":6}},"28":{"start":{"line":60,"column":8},"end":{"line":64,"column":9}},"29":{"start":{"line":61,"column":12},"end":{"line":61,"column":34}},"30":{"start":{"line":63,"column":12},"end":{"line":63,"column":38}},"31":{"start":{"line":69,"column":0},"end":{"line":77,"column":2}},"32":{"start":{"line":70,"column":4},"end":{"line":76,"column":6}},"33":{"start":{"line":71,"column":8},"end":{"line":75,"column":9}},"34":{"start":{"line":72,"column":12},"end":{"line":72,"column":34}},"35":{"start":{"line":74,"column":12},"end":{"line":74,"column":38}},"36":{"start":{"line":80,"column":0},"end":{"line":88,"column":2}},"37":{"start":{"line":81,"column":4},"end":{"line":87,"column":6}},"38":{"start":{"line":82,"column":8},"end":{"line":86,"column":9}},"39":{"start":{"line":83,"column":12},"end":{"line":83,"column":34}},"40":{"start":{"line":85,"column":12},"end":{"line":85,"column":32}},"41":{"start":{"line":90,"column":26},"end":{"line":93,"column":2}},"42":{"start":{"line":95,"column":0},"end":{"line":95,"column":23}}},"fnMap":{"0":{"name":"(anonymous_0)","decl":{"start":{"line":12,"column":22},"end":{"line":12,"column":23}},"loc":{"start":{"line":12,"column":42},"end":{"line":23,"column":1}},"line":12},"1":{"name":"(anonymous_1)","decl":{"start":{"line":14,"column":65},"end":{"line":14,"column":66}},"loc":{"start":{"line":14,"column":82},"end":{"line":21,"column":5}},"line":14},"2":{"name":"(anonymous_2)","decl":{"start":{"line":25,"column":28},"end":{"line":25,"column":29}},"loc":{"start":{"line":25,"column":48},"end":{"line":35,"column":1}},"line":25},"3":{"name":"(anonymous_3)","decl":{"start":{"line":26,"column":60},"end":{"line":26,"column":61}},"loc":{"start":{"line":26,"column":77},"end":{"line":34,"column":5}},"line":26},"4":{"name":"(anonymous_4)","decl":{"start":{"line":37,"column":29},"end":{"line":37,"column":30}},"loc":{"start":{"line":37,"column":49},"end":{"line":42,"column":1}},"line":37},"5":{"name":"(anonymous_5)","decl":{"start":{"line":38,"column":71},"end":{"line":38,"column":72}},"loc":{"start":{"line":38,"column":88},"end":{"line":41,"column":5}},"line":38},"6":{"name":"(anonymous_6)","decl":{"start":{"line":44,"column":33},"end":{"line":44,"column":34}},"loc":{"start":{"line":44,"column":47},"end":{"line":52,"column":1}},"line":44},"7":{"name":"(anonymous_7)","decl":{"start":{"line":45,"column":91},"end":{"line":45,"column":92}},"loc":{"start":{"line":45,"column":108},"end":{"line":51,"column":5}},"line":45},"8":{"name":"(anonymous_8)","decl":{"start":{"line":54,"column":30},"end":{"line":54,"column":31}},"loc":{"start":{"line":54,"column":44},"end":{"line":66,"column":1}},"line":54},"9":{"name":"(anonymous_9)","decl":{"start":{"line":59,"column":95},"end":{"line":59,"column":96}},"loc":{"start":{"line":59,"column":112},"end":{"line":65,"column":5}},"line":59},"10":{"name":"(anonymous_10)","decl":{"start":{"line":69,"column":32},"end":{"line":69,"column":33}},"loc":{"start":{"line":69,"column":46},"end":{"line":77,"column":1}},"line":69},"11":{"name":"(anonymous_11)","decl":{"start":{"line":70,"column":114},"end":{"line":70,"column":115}},"loc":{"start":{"line":70,"column":131},"end":{"line":76,"column":5}},"line":70},"12":{"name":"(anonymous_12)","decl":{"start":{"line":80,"column":26},"end":{"line":80,"column":27}},"loc":{"start":{"line":80,"column":46},"end":{"line":88,"column":1}},"line":80},"13":{"name":"(anonymous_13)","decl":{"start":{"line":81,"column":71},"end":{"line":81,"column":72}},"loc":{"start":{"line":81,"column":93},"end":{"line":87,"column":5}},"line":81}},"branchMap":{"0":{"loc":{"start":{"line":15,"column":8},"end":{"line":20,"column":9}},"type":"if","locations":[{"start":{"line":15,"column":8},"end":{"line":20,"column":9}},{"start":{"line":15,"column":8},"end":{"line":20,"column":9}}],"line":15},"1":{"loc":{"start":{"line":27,"column":8},"end":{"line":32,"column":9}},"type":"if","locations":[{"start":{"line":27,"column":8},"end":{"line":32,"column":9}},{"start":{"line":27,"column":8},"end":{"line":32,"column":9}}],"line":27},"2":{"loc":{"start":{"line":46,"column":8},"end":{"line":50,"column":9}},"type":"if","locations":[{"start":{"line":46,"column":8},"end":{"line":50,"column":9}},{"start":{"line":46,"column":8},"end":{"line":50,"column":9}}],"line":46},"3":{"loc":{"start":{"line":60,"column":8},"end":{"line":64,"column":9}},"type":"if","locations":[{"start":{"line":60,"column":8},"end":{"line":64,"column":9}},{"start":{"line":60,"column":8},"end":{"line":64,"column":9}}],"line":60},"4":{"loc":{"start":{"line":71,"column":8},"end":{"line":75,"column":9}},"type":"if","locations":[{"start":{"line":71,"column":8},"end":{"line":75,"column":9}},{"start":{"line":71,"column":8},"end":{"line":75,"column":9}}],"line":71},"5":{"loc":{"start":{"line":82,"column":8},"end":{"line":86,"column":9}},"type":"if","locations":[{"start":{"line":82,"column":8},"end":{"line":86,"column":9}},{"start":{"line":82,"column":8},"end":{"line":86,"column":9}}],"line":82}},"s":{"0":1,"1":1,"2":1,"3":1,"4":1,"5":1,"6":0,"7":0,"8":0,"9":0,"10":0,"11":1,"12":0,"13":0,"14":0,"15":0,"16":0,"17":1,"18":0,"19":0,"20":0,"21":1,"22":0,"23":0,"24":0,"25":0,"26":1,"27":0,"28":0,"29":0,"30":0,"31":1,"32":0,"33":0,"34":0,"35":0,"36":1,"37":0,"38":0,"39":0,"40":0,"41":1,"42":1},"f":{"0":0,"1":0,"2":0,"3":0,"4":0,"5":0,"6":0,"7":0,"8":0,"9":0,"10":0,"11":0,"12":0,"13":0},"b":{"0":[0,0],"1":[0,0],"2":[0,0],"3":[0,0],"4":[0,0],"5":[0,0]},"_coverageSchema":"1a1c01bbd47fc00a2c39e90264f33305004495a9","hash":"bb5928d2b841cf144db7b8adc94bb84ebddba0e6"}
}
