TN:
SF:webAPIGateway\routers\marketplace.js
FN:11,(anonymous_0)
FN:12,(anonymous_1)
FN:21,(anonymous_2)
FN:23,(anonymous_3)
FN:33,(anonymous_4)
FN:34,(anonymous_5)
FN:43,(anonymous_6)
FN:44,(anonymous_7)
FN:53,(anonymous_8)
FN:54,(anonymous_9)
FN:63,(anonymous_10)
FN:64,(anonymous_11)
FNF:12
FNH:12
FNDA:1,(anonymous_0)
FNDA:1,(anonymous_1)
FNDA:1,(anonymous_2)
FNDA:1,(anonymous_3)
FNDA:1,(anonymous_4)
FNDA:1,(anonymous_5)
FNDA:1,(anonymous_6)
FNDA:1,(anonymous_7)
FNDA:1,(anonymous_8)
FNDA:1,(anonymous_9)
FNDA:1,(anonymous_10)
FNDA:1,(anonymous_11)
DA:1,3
DA:2,3
DA:4,3
DA:5,3
DA:6,3
DA:8,3
DA:11,3
DA:12,1
DA:13,1
DA:14,0
DA:16,1
DA:21,3
DA:23,1
DA:24,1
DA:25,0
DA:27,1
DA:33,3
DA:34,1
DA:35,1
DA:36,0
DA:38,1
DA:43,3
DA:44,1
DA:45,1
DA:46,0
DA:48,1
DA:53,3
DA:54,1
DA:55,1
DA:56,0
DA:58,1
DA:63,3
DA:64,1
DA:65,1
DA:66,0
DA:68,1
DA:95,3
DA:100,3
LF:38
LH:32
BRDA:13,0,0,0
BRDA:13,0,1,1
BRDA:24,1,0,0
BRDA:24,1,1,1
BRDA:35,2,0,0
BRDA:35,2,1,1
BRDA:45,3,0,0
BRDA:45,3,1,1
BRDA:55,4,0,0
BRDA:55,4,1,1
BRDA:65,5,0,0
BRDA:65,5,1,1
BRF:12
BRH:6
end_of_record
